<?xml version="1.0" encoding="UTF-8"?>
<testng-results ignored="0" total="2" passed="2" failed="0" skipped="0">
  <reporter-output>
  </reporter-output>
  <suite started-at="2020-07-27T18:17:05 IST" name="Suite" finished-at="2020-07-27T18:18:01 IST" duration-ms="55232">
    <groups>
    </groups>
    <test started-at="2020-07-27T18:17:05 IST" name="chrometest" finished-at="2020-07-27T18:17:32 IST" duration-ms="26779">
      <class name="zaleniumDocker.TestOnZalenium">
        <test-method is-config="true" signature="setUp(java.lang.String)[pri:0, instance:zaleniumDocker.TestOnZalenium@4c1d9d4b]" started-at="2020-07-27T18:17:05 IST" name="setUp" finished-at="2020-07-27T18:17:21 IST" duration-ms="15106" status="PASS">
          <params>
            <param index="0">
              <value>
                <![CDATA[chrome]]>
              </value>
            </param>
          </params>
          <reporter-output>
          </reporter-output>
        </test-method> <!-- setUp -->
        <test-method signature="test()[pri:0, instance:zaleniumDocker.TestOnZalenium@4c1d9d4b]" started-at="2020-07-27T18:17:21 IST" name="test" finished-at="2020-07-27T18:17:32 IST" duration-ms="11542" status="PASS">
          <reporter-output>
          </reporter-output>
        </test-method> <!-- test -->
        <test-method is-config="true" signature="terminate()[pri:0, instance:zaleniumDocker.TestOnZalenium@4c1d9d4b]" started-at="2020-07-27T18:17:32 IST" name="terminate" finished-at="2020-07-27T18:17:32 IST" duration-ms="71" status="PASS">
          <reporter-output>
          </reporter-output>
        </test-method> <!-- terminate -->
      </class> <!-- zaleniumDocker.TestOnZalenium -->
    </test> <!-- chrometest -->
    <test started-at="2020-07-27T18:17:05 IST" name="firefoxtest" finished-at="2020-07-27T18:18:01 IST" duration-ms="55232">
      <class name="zaleniumDocker.TestOnZalenium">
        <test-method is-config="true" signature="setUp(java.lang.String)[pri:0, instance:zaleniumDocker.TestOnZalenium@5276e6b0]" started-at="2020-07-27T18:17:05 IST" name="setUp" finished-at="2020-07-27T18:17:40 IST" duration-ms="34475" status="PASS">
          <params>
            <param index="0">
              <value>
                <![CDATA[firefox]]>
              </value>
            </param>
          </params>
          <reporter-output>
          </reporter-output>
        </test-method> <!-- setUp -->
        <test-method signature="test()[pri:0, instance:zaleniumDocker.TestOnZalenium@5276e6b0]" started-at="2020-07-27T18:17:40 IST" name="test" finished-at="2020-07-27T18:17:58 IST" duration-ms="18484" status="PASS">
          <reporter-output>
          </reporter-output>
        </test-method> <!-- test -->
        <test-method is-config="true" signature="terminate()[pri:0, instance:zaleniumDocker.TestOnZalenium@5276e6b0]" started-at="2020-07-27T18:17:58 IST" name="terminate" finished-at="2020-07-27T18:18:01 IST" duration-ms="2229" status="PASS">
          <reporter-output>
          </reporter-output>
        </test-method> <!-- terminate -->
      </class> <!-- zaleniumDocker.TestOnZalenium -->
    </test> <!-- firefoxtest -->
  </suite> <!-- Suite -->
</testng-results>
